mode: set
abac_go_example/main.go:16.13,22.16 4 0
abac_go_example/main.go:22.16,24.3 1 0
abac_go_example/main.go:27.2,28.16 2 0
abac_go_example/main.go:28.16,30.3 1 0
abac_go_example/main.go:31.2,38.16 4 0
abac_go_example/main.go:38.16,40.3 1 0
abac_go_example/main.go:42.2,45.45 2 0
abac_go_example/main.go:45.45,53.17 6 0
abac_go_example/main.go:53.17,55.12 2 0
abac_go_example/main.go:59.3,79.40 9 0
abac_go_example/main.go:79.40,81.4 1 0
abac_go_example/main.go:84.3,84.80 1 0
abac_go_example/main.go:84.80,85.43 1 0
abac_go_example/main.go:85.43,87.5 1 0
abac_go_example/main.go:87.10,89.5 1 0
abac_go_example/main.go:92.3,92.16 1 0
abac_go_example/main.go:96.2,110.33 11 0
abac_go_example/main.go:110.33,115.17 4 0
abac_go_example/main.go:115.17,117.4 1 0
abac_go_example/main.go:117.9,120.4 2 0
abac_go_example/main.go:124.2,131.16 6 0
abac_go_example/main.go:131.16,133.3 1 0
abac_go_example/main.go:133.8,136.3 2 0
abac_go_example/main.go:139.2,144.49 4 0
abac_go_example/main.go:147.83,149.16 2 0
abac_go_example/main.go:149.16,151.3 1 0
abac_go_example/main.go:153.2,157.60 2 0
abac_go_example/main.go:157.60,159.3 1 0
abac_go_example/main.go:162.2,162.54 1 0
abac_go_example/main.go:162.54,163.25 1 0
abac_go_example/main.go:163.25,165.4 1 0
abac_go_example/main.go:168.3,171.82 3 0
abac_go_example/main.go:171.82,172.41 1 0
abac_go_example/main.go:172.41,173.59 1 0
abac_go_example/main.go:173.59,174.47 1 0
abac_go_example/main.go:174.47,175.74 1 0
abac_go_example/main.go:175.74,177.8 1 0
abac_go_example/main.go:178.7,178.72 1 0
abac_go_example/main.go:178.72,180.8 1 0
abac_go_example/main.go:181.7,181.12 1 0
abac_go_example/main.go:188.2,188.45 1 0
abac_go_example/main.go:191.96,206.16 4 0
abac_go_example/main.go:206.16,208.3 1 0
abac_go_example/main.go:208.8,212.32 3 0
abac_go_example/main.go:212.32,218.4 1 0
abac_go_example/main.go:222.2,235.16 4 0
abac_go_example/main.go:235.16,237.3 1 0
abac_go_example/main.go:237.8,240.3 2 0
abac_go_example/main.go:243.2,256.16 4 0
abac_go_example/main.go:256.16,258.3 1 0
abac_go_example/main.go:258.8,262.32 3 0
abac_go_example/main.go:262.32,268.4 1 0
abac_go_example/main.go:272.2,285.16 4 0
abac_go_example/main.go:285.16,287.3 1 0
abac_go_example/main.go:287.8,291.32 3 0
abac_go_example/main.go:291.32,298.4 1 0
abac_go_example/attributes/resolver.go:19.71,23.2 1 1
abac_go_example/attributes/resolver.go:26.113,29.16 2 1
abac_go_example/attributes/resolver.go:29.16,31.3 1 0
abac_go_example/attributes/resolver.go:34.2,35.16 2 1
abac_go_example/attributes/resolver.go:35.16,37.3 1 0
abac_go_example/attributes/resolver.go:40.2,41.16 2 1
abac_go_example/attributes/resolver.go:41.16,43.3 1 0
abac_go_example/attributes/resolver.go:46.2,57.8 3 1
abac_go_example/attributes/resolver.go:61.109,65.28 2 1
abac_go_example/attributes/resolver.go:65.28,67.3 1 1
abac_go_example/attributes/resolver.go:70.2,70.49 1 1
abac_go_example/attributes/resolver.go:70.49,72.3 1 0
abac_go_example/attributes/resolver.go:75.2,75.60 1 1
abac_go_example/attributes/resolver.go:75.60,76.67 1 1
abac_go_example/attributes/resolver.go:76.67,81.4 4 1
abac_go_example/attributes/resolver.go:85.2,85.56 1 1
abac_go_example/attributes/resolver.go:85.56,88.3 2 1
abac_go_example/attributes/resolver.go:90.2,90.17 1 1
abac_go_example/attributes/resolver.go:94.115,95.31 1 1
abac_go_example/attributes/resolver.go:95.31,97.3 1 0
abac_go_example/attributes/resolver.go:100.2,100.69 1 1
abac_go_example/attributes/resolver.go:100.69,101.73 1 1
abac_go_example/attributes/resolver.go:101.73,104.4 2 1
abac_go_example/attributes/resolver.go:108.2,110.77 3 1
abac_go_example/attributes/resolver.go:114.92,115.19 1 1
abac_go_example/attributes/resolver.go:115.19,117.3 1 0
abac_go_example/attributes/resolver.go:119.2,122.29 3 1
abac_go_example/attributes/resolver.go:122.29,124.21 2 1
abac_go_example/attributes/resolver.go:124.21,126.4 1 1
abac_go_example/attributes/resolver.go:129.2,129.16 1 1
abac_go_example/attributes/resolver.go:133.86,134.16 1 1
abac_go_example/attributes/resolver.go:134.16,136.3 1 0
abac_go_example/attributes/resolver.go:139.2,139.47 1 1
abac_go_example/attributes/resolver.go:139.47,141.3 1 1
abac_go_example/attributes/resolver.go:144.2,145.29 2 1
abac_go_example/attributes/resolver.go:145.29,147.3 1 1
abac_go_example/attributes/resolver.go:149.2,149.32 1 1
abac_go_example/attributes/resolver.go:149.32,151.3 1 0
abac_go_example/attributes/resolver.go:154.2,155.36 2 1
abac_go_example/attributes/resolver.go:155.36,160.58 3 1
abac_go_example/attributes/resolver.go:160.58,162.24 2 1
abac_go_example/attributes/resolver.go:162.24,164.5 1 1
abac_go_example/attributes/resolver.go:167.3,167.86 1 1
abac_go_example/attributes/resolver.go:167.86,169.33 2 1
abac_go_example/attributes/resolver.go:169.33,171.5 1 1
abac_go_example/attributes/resolver.go:175.2,175.12 1 0
abac_go_example/attributes/resolver.go:179.76,180.24 1 1
abac_go_example/attributes/resolver.go:180.24,182.3 1 0
abac_go_example/attributes/resolver.go:184.2,188.29 4 1
abac_go_example/attributes/resolver.go:188.29,189.17 1 1
abac_go_example/attributes/resolver.go:189.17,190.12 1 0
abac_go_example/attributes/resolver.go:192.3,193.41 2 1
abac_go_example/attributes/resolver.go:197.2,198.33 2 1
abac_go_example/attributes/resolver.go:198.33,201.3 2 1
abac_go_example/attributes/resolver.go:203.2,203.26 1 1
abac_go_example/attributes/resolver.go:208.63,214.2 3 1
abac_go_example/attributes/resolver.go:216.58,223.2 1 1
abac_go_example/attributes/resolver.go:225.59,227.21 2 1
abac_go_example/attributes/resolver.go:227.21,229.3 1 1
abac_go_example/attributes/resolver.go:230.2,230.11 1 1
abac_go_example/attributes/resolver.go:234.81,235.20 1 1
abac_go_example/attributes/resolver.go:235.20,237.3 1 1
abac_go_example/attributes/resolver.go:239.2,239.25 1 1
abac_go_example/attributes/resolver.go:239.25,241.3 1 1
abac_go_example/attributes/resolver.go:244.2,244.36 1 1
abac_go_example/attributes/resolver.go:244.36,251.3 3 1
abac_go_example/attributes/resolver.go:253.2,253.14 1 0
abac_go_example/attributes/resolver.go:256.75,258.20 1 1
abac_go_example/attributes/resolver.go:258.20,260.3 1 0
abac_go_example/attributes/resolver.go:262.2,262.37 1 1
abac_go_example/attributes/resolver.go:262.37,264.3 1 0
abac_go_example/attributes/resolver.go:267.2,268.21 2 1
abac_go_example/attributes/resolver.go:268.21,270.3 1 0
abac_go_example/attributes/resolver.go:273.2,273.57 1 1
abac_go_example/attributes/resolver.go:273.57,275.3 1 1
abac_go_example/attributes/resolver.go:278.2,278.79 1 1
abac_go_example/attributes/resolver.go:278.79,280.3 1 1
abac_go_example/attributes/resolver.go:284.2,284.13 1 1
abac_go_example/audit/logger.go:20.63,24.23 3 1
abac_go_example/audit/logger.go:24.23,26.17 2 1
abac_go_example/audit/logger.go:26.17,28.4 1 0
abac_go_example/audit/logger.go:29.8,31.3 1 1
abac_go_example/audit/logger.go:33.2,38.8 2 1
abac_go_example/audit/logger.go:42.140,49.32 2 1
abac_go_example/audit/logger.go:49.32,50.59 1 1
abac_go_example/audit/logger.go:50.59,52.4 1 1
abac_go_example/audit/logger.go:53.3,53.61 1 1
abac_go_example/audit/logger.go:53.61,55.4 1 0
abac_go_example/audit/logger.go:56.3,56.60 1 1
abac_go_example/audit/logger.go:56.60,58.4 1 1
abac_go_example/audit/logger.go:62.2,62.28 1 1
abac_go_example/audit/logger.go:62.28,64.3 1 1
abac_go_example/audit/logger.go:67.2,67.29 1 1
abac_go_example/audit/logger.go:67.29,69.3 1 1
abac_go_example/audit/logger.go:72.2,72.27 1 1
abac_go_example/audit/logger.go:72.27,74.3 1 1
abac_go_example/audit/logger.go:76.2,87.31 2 1
abac_go_example/audit/logger.go:91.150,104.36 2 1
abac_go_example/audit/logger.go:104.36,106.3 1 1
abac_go_example/audit/logger.go:109.2,113.38 3 1
abac_go_example/audit/logger.go:113.38,115.3 1 1
abac_go_example/audit/logger.go:117.2,117.31 1 1
abac_go_example/audit/logger.go:121.114,134.2 2 1
abac_go_example/audit/logger.go:137.131,152.2 2 1
abac_go_example/audit/logger.go:155.61,158.16 2 1
abac_go_example/audit/logger.go:158.16,160.3 1 0
abac_go_example/audit/logger.go:163.2,165.12 2 1
abac_go_example/audit/logger.go:169.106,174.2 1 0
abac_go_example/audit/logger.go:177.37,178.48 1 1
abac_go_example/audit/logger.go:178.48,180.3 1 1
abac_go_example/audit/logger.go:181.2,181.12 1 1
abac_go_example/audit/logger.go:199.70,214.2 1 1
abac_go_example/audit/logger.go:247.99,260.2 2 1
abac_go_example/evaluator/pdp.go:22.75,28.2 1 1
abac_go_example/evaluator/pdp.go:31.103,36.16 3 1
abac_go_example/evaluator/pdp.go:36.16,38.3 1 0
abac_go_example/evaluator/pdp.go:41.2,42.16 2 1
abac_go_example/evaluator/pdp.go:42.16,44.3 1 0
abac_go_example/evaluator/pdp.go:47.2,50.53 2 1
abac_go_example/evaluator/pdp.go:50.53,52.3 1 1
abac_go_example/evaluator/pdp.go:55.2,61.22 4 1
abac_go_example/evaluator/pdp.go:65.137,68.34 2 1
abac_go_example/evaluator/pdp.go:68.34,69.22 1 1
abac_go_example/evaluator/pdp.go:69.22,70.12 1 1
abac_go_example/evaluator/pdp.go:74.3,74.68 1 1
abac_go_example/evaluator/pdp.go:74.68,75.12 1 1
abac_go_example/evaluator/pdp.go:79.3,79.77 1 1
abac_go_example/evaluator/pdp.go:79.77,80.12 1 1
abac_go_example/evaluator/pdp.go:83.3,83.42 1 1
abac_go_example/evaluator/pdp.go:86.2,86.19 1 1
abac_go_example/evaluator/pdp.go:90.100,91.29 1 1
abac_go_example/evaluator/pdp.go:91.29,93.3 1 1
abac_go_example/evaluator/pdp.go:95.2,95.39 1 1
abac_go_example/evaluator/pdp.go:95.39,96.49 1 1
abac_go_example/evaluator/pdp.go:96.49,98.4 1 1
abac_go_example/evaluator/pdp.go:100.2,100.14 1 1
abac_go_example/evaluator/pdp.go:104.107,105.24 1 1
abac_go_example/evaluator/pdp.go:105.24,107.3 1 1
abac_go_example/evaluator/pdp.go:109.2,110.25 2 1
abac_go_example/evaluator/pdp.go:110.25,112.3 1 1
abac_go_example/evaluator/pdp.go:114.2,114.35 1 1
abac_go_example/evaluator/pdp.go:114.35,115.72 1 1
abac_go_example/evaluator/pdp.go:115.72,117.4 1 1
abac_go_example/evaluator/pdp.go:119.3,119.79 1 1
abac_go_example/evaluator/pdp.go:119.79,121.4 1 1
abac_go_example/evaluator/pdp.go:123.2,123.14 1 1
abac_go_example/evaluator/pdp.go:127.129,131.34 3 1
abac_go_example/evaluator/pdp.go:131.34,133.42 1 1
abac_go_example/evaluator/pdp.go:133.42,136.31 2 1
abac_go_example/evaluator/pdp.go:136.31,143.5 1 1
abac_go_example/evaluator/pdp.go:143.10,143.40 1 1
abac_go_example/evaluator/pdp.go:143.40,145.5 1 1
abac_go_example/evaluator/pdp.go:150.2,150.17 1 1
abac_go_example/evaluator/pdp.go:150.17,156.3 1 1
abac_go_example/evaluator/pdp.go:158.2,162.3 1 1
abac_go_example/evaluator/pdp.go:166.111,168.36 1 1
abac_go_example/evaluator/pdp.go:168.36,169.39 1 1
abac_go_example/evaluator/pdp.go:169.39,171.4 1 1
abac_go_example/evaluator/pdp.go:173.2,173.13 1 1
abac_go_example/evaluator/pdp.go:177.110,181.25 2 1
abac_go_example/evaluator/pdp.go:182.17,183.93 1 1
abac_go_example/evaluator/pdp.go:184.18,185.94 1 1
abac_go_example/evaluator/pdp.go:186.16,187.92 1 0
abac_go_example/evaluator/pdp.go:188.21,189.97 1 1
abac_go_example/evaluator/pdp.go:190.10,191.15 1 0
abac_go_example/evaluator/pdp.go:195.2,196.16 2 1
abac_go_example/evaluator/pdp.go:196.16,198.3 1 0
abac_go_example/evaluator/pdp.go:201.2,204.21 2 1
abac_go_example/evaluator/pdp.go:204.21,206.3 1 0
abac_go_example/evaluator/pdp.go:208.2,208.15 1 1
abac_go_example/evaluator/pdp.go:212.113,217.35 3 1
abac_go_example/evaluator/pdp.go:217.35,221.3 3 1
abac_go_example/evaluator/pdp.go:224.2,224.29 1 1
abac_go_example/evaluator/pdp.go:224.29,225.17 1 1
abac_go_example/evaluator/pdp.go:225.17,227.4 1 0
abac_go_example/evaluator/pdp.go:230.2,230.23 1 1
abac_go_example/evaluator/pdp.go:234.116,236.16 2 1
abac_go_example/evaluator/pdp.go:236.16,238.3 1 0
abac_go_example/evaluator/pdp.go:240.2,241.16 2 1
abac_go_example/evaluator/pdp.go:241.16,243.3 1 0
abac_go_example/evaluator/pdp.go:245.2,245.64 1 1
abac_go_example/evaluator/pdp.go:249.116,251.16 2 1
abac_go_example/evaluator/pdp.go:251.16,253.3 1 0
abac_go_example/evaluator/pdp.go:255.2,256.16 2 1
abac_go_example/evaluator/pdp.go:256.16,258.3 1 0
abac_go_example/evaluator/pdp.go:260.2,272.44 4 1
abac_go_example/evaluator/pdp.go:272.44,285.37 4 1
abac_go_example/evaluator/pdp.go:285.37,287.27 2 1
abac_go_example/evaluator/pdp.go:288.19,289.95 1 1
abac_go_example/evaluator/pdp.go:290.20,291.96 1 1
abac_go_example/evaluator/pdp.go:292.18,293.94 1 0
abac_go_example/evaluator/pdp.go:294.23,295.99 1 1
abac_go_example/evaluator/pdp.go:298.4,300.23 3 1
abac_go_example/evaluator/pdp.go:300.23,302.24 2 1
abac_go_example/evaluator/pdp.go:302.24,304.6 1 0
abac_go_example/evaluator/pdp.go:307.4,307.18 1 1
abac_go_example/evaluator/pdp.go:307.18,309.5 1 0
abac_go_example/evaluator/pdp.go:311.4,319.6 1 1
abac_go_example/evaluator/pdp.go:322.3,324.62 3 1
abac_go_example/evaluator/pdp.go:327.2,328.25 2 1
abac_go_example/storage/mock_storage.go:32.59,39.50 2 1
abac_go_example/storage/mock_storage.go:39.50,41.3 1 1
abac_go_example/storage/mock_storage.go:43.2,43.21 1 1
abac_go_example/storage/mock_storage.go:46.54,48.80 1 1
abac_go_example/storage/mock_storage.go:48.80,50.3 1 1
abac_go_example/storage/mock_storage.go:53.2,53.82 1 1
abac_go_example/storage/mock_storage.go:53.82,55.3 1 0
abac_go_example/storage/mock_storage.go:58.2,58.78 1 1
abac_go_example/storage/mock_storage.go:58.78,60.3 1 0
abac_go_example/storage/mock_storage.go:63.2,63.80 1 1
abac_go_example/storage/mock_storage.go:63.80,65.3 1 0
abac_go_example/storage/mock_storage.go:67.2,67.12 1 1
abac_go_example/storage/mock_storage.go:70.59,72.16 2 1
abac_go_example/storage/mock_storage.go:72.16,74.3 1 1
abac_go_example/storage/mock_storage.go:76.2,80.60 2 1
abac_go_example/storage/mock_storage.go:80.60,82.3 1 1
abac_go_example/storage/mock_storage.go:84.2,84.48 1 1
abac_go_example/storage/mock_storage.go:84.48,86.3 1 1
abac_go_example/storage/mock_storage.go:88.2,88.12 1 1
abac_go_example/storage/mock_storage.go:91.60,93.16 2 1
abac_go_example/storage/mock_storage.go:93.16,95.3 1 0
abac_go_example/storage/mock_storage.go:97.2,101.61 2 1
abac_go_example/storage/mock_storage.go:101.61,103.3 1 0
abac_go_example/storage/mock_storage.go:105.2,105.51 1 1
abac_go_example/storage/mock_storage.go:105.51,107.3 1 1
abac_go_example/storage/mock_storage.go:109.2,109.12 1 1
abac_go_example/storage/mock_storage.go:112.58,114.16 2 1
abac_go_example/storage/mock_storage.go:114.16,116.3 1 0
abac_go_example/storage/mock_storage.go:118.2,122.59 2 1
abac_go_example/storage/mock_storage.go:122.59,124.3 1 0
abac_go_example/storage/mock_storage.go:126.2,126.45 1 1
abac_go_example/storage/mock_storage.go:126.45,128.3 1 1
abac_go_example/storage/mock_storage.go:130.2,130.12 1 1
abac_go_example/storage/mock_storage.go:133.59,135.16 2 1
abac_go_example/storage/mock_storage.go:135.16,137.3 1 0
abac_go_example/storage/mock_storage.go:139.2,143.60 2 1
abac_go_example/storage/mock_storage.go:143.60,145.3 1 0
abac_go_example/storage/mock_storage.go:147.2,148.12 2 1
abac_go_example/storage/mock_storage.go:152.70,154.13 2 1
abac_go_example/storage/mock_storage.go:154.13,156.3 1 1
abac_go_example/storage/mock_storage.go:157.2,157.21 1 1
abac_go_example/storage/mock_storage.go:161.72,163.13 2 1
abac_go_example/storage/mock_storage.go:163.13,165.3 1 1
abac_go_example/storage/mock_storage.go:166.2,166.22 1 1
abac_go_example/storage/mock_storage.go:170.70,172.13 2 1
abac_go_example/storage/mock_storage.go:172.13,174.3 1 1
abac_go_example/storage/mock_storage.go:175.2,175.20 1 1
abac_go_example/storage/mock_storage.go:179.63,181.2 1 1
abac_go_example/storage/mock_storage.go:184.67,186.37 2 1
abac_go_example/storage/mock_storage.go:186.37,188.3 1 1
abac_go_example/storage/mock_storage.go:189.2,189.22 1 1
abac_go_example/storage/mock_storage.go:193.69,195.39 2 1
abac_go_example/storage/mock_storage.go:195.39,197.3 1 1
abac_go_example/storage/mock_storage.go:198.2,198.23 1 1
abac_go_example/storage/mock_storage.go:202.65,204.35 2 1
abac_go_example/storage/mock_storage.go:204.35,206.3 1 1
abac_go_example/storage/mock_storage.go:207.2,207.21 1 1
abac_go_example/operators/operators.go:22.46,42.2 14 1
abac_go_example/operators/operators.go:45.69,47.2 1 1
abac_go_example/operators/operators.go:50.63,52.13 2 1
abac_go_example/operators/operators.go:52.13,54.3 1 1
abac_go_example/operators/operators.go:55.2,55.22 1 1
abac_go_example/operators/operators.go:61.69,63.2 1 1
abac_go_example/operators/operators.go:68.72,70.2 1 0
abac_go_example/operators/operators.go:75.66,77.26 2 1
abac_go_example/operators/operators.go:77.26,79.3 1 1
abac_go_example/operators/operators.go:81.2,81.37 1 1
abac_go_example/operators/operators.go:81.37,82.38 1 1
abac_go_example/operators/operators.go:82.38,84.4 1 1
abac_go_example/operators/operators.go:86.2,86.14 1 1
abac_go_example/operators/operators.go:92.69,95.2 2 0
abac_go_example/operators/operators.go:100.72,102.24 2 1
abac_go_example/operators/operators.go:102.24,104.3 1 1
abac_go_example/operators/operators.go:106.2,106.35 1 1
abac_go_example/operators/operators.go:106.35,107.40 1 1
abac_go_example/operators/operators.go:107.40,109.4 1 1
abac_go_example/operators/operators.go:111.2,111.14 1 1
abac_go_example/operators/operators.go:117.69,121.23 3 1
abac_go_example/operators/operators.go:121.23,123.3 1 0
abac_go_example/operators/operators.go:125.2,126.16 2 1
abac_go_example/operators/operators.go:126.16,128.3 1 0
abac_go_example/operators/operators.go:129.2,129.16 1 1
abac_go_example/operators/operators.go:135.75,137.2 1 1
abac_go_example/operators/operators.go:142.80,144.2 1 0
abac_go_example/operators/operators.go:149.72,151.2 1 0
abac_go_example/operators/operators.go:156.77,158.2 1 0
abac_go_example/operators/operators.go:163.71,165.53 2 1
abac_go_example/operators/operators.go:165.53,167.3 1 1
abac_go_example/operators/operators.go:170.2,170.52 1 1
abac_go_example/operators/operators.go:170.52,171.39 1 1
abac_go_example/operators/operators.go:171.39,173.4 1 1
abac_go_example/operators/operators.go:177.2,181.55 4 1
abac_go_example/operators/operators.go:187.70,189.2 1 1
abac_go_example/operators/operators.go:193.47,194.18 1 1
abac_go_example/operators/operators.go:194.18,196.3 1 1
abac_go_example/operators/operators.go:198.2,199.60 2 1
abac_go_example/operators/operators.go:199.60,201.3 1 1
abac_go_example/operators/operators.go:203.2,204.31 2 1
abac_go_example/operators/operators.go:204.31,206.3 1 1
abac_go_example/operators/operators.go:207.2,207.15 1 1
abac_go_example/operators/operators.go:210.41,211.18 1 1
abac_go_example/operators/operators.go:211.18,213.3 1 1
abac_go_example/operators/operators.go:215.2,215.27 1 1
abac_go_example/operators/operators.go:216.14,217.11 1 1
abac_go_example/operators/operators.go:218.20,219.20 1 0
abac_go_example/operators/operators.go:220.10,221.30 1 1
abac_go_example/operators/operators.go:225.43,226.18 1 1
abac_go_example/operators/operators.go:226.18,228.3 1 1
abac_go_example/operators/operators.go:230.2,230.27 1 1
abac_go_example/operators/operators.go:231.11,232.20 1 1
abac_go_example/operators/operators.go:233.13,234.20 1 0
abac_go_example/operators/operators.go:235.13,236.20 1 0
abac_go_example/operators/operators.go:237.15,238.20 1 0
abac_go_example/operators/operators.go:239.15,240.11 1 1
abac_go_example/operators/operators.go:241.14,242.54 1 1
abac_go_example/operators/operators.go:242.54,244.4 1 1
abac_go_example/operators/operators.go:246.2,246.10 1 1
abac_go_example/operators/operators.go:249.55,253.29 3 1
abac_go_example/operators/operators.go:253.29,255.3 1 1
abac_go_example/operators/operators.go:255.8,255.36 1 1
abac_go_example/operators/operators.go:255.36,257.3 1 1
abac_go_example/operators/operators.go:258.2,258.10 1 1
abac_go_example/operators/operators.go:261.59,263.48 1 1
abac_go_example/operators/operators.go:263.48,265.22 2 1
abac_go_example/operators/operators.go:265.22,267.4 1 1
abac_go_example/operators/operators.go:268.3,270.33 3 1
abac_go_example/operators/operators.go:270.33,272.4 1 0
abac_go_example/operators/operators.go:273.3,273.27 1 1
abac_go_example/operators/operators.go:276.2,280.47 4 1
abac_go_example/operators/operators.go:280.47,282.3 1 1
abac_go_example/operators/operators.go:284.2,288.65 4 1
